<?xml version="1.0" encoding="UTF-8"?>
<!-- Generated by org.testng.reporters.JUnitReportReporter -->
<testsuite hostname="Rehan" failures="0" tests="1" name="tlsportal.SuspectedFall" time="9.542" errors="0" timestamp="2023-03-20T16:16:48 IST" skipped="0">
  <testcase classname="tlsportal.SuspectedFall" name="falls" time="9.542"/>
  <system-out/>
</testsuite> <!-- tlsportal.SuspectedFall -->
