<?xml version="1.0" encoding="UTF-8"?>
<!-- Generated by org.testng.reporters.JUnitReportReporter -->
<testsuite hostname="Rehan" failures="0" tests="1" name="tlsportalprod.Falls" time="239.155" errors="0" timestamp="2023-03-20T19:29:26 IST" skipped="0">
  <testcase classname="tlsportalprod.Falls" name="sfalls" time="239.155"/>
  <system-out/>
</testsuite> <!-- tlsportalprod.Falls -->
